Build started 12/14/2015 4:48:56 PM.
     1>Project "D:\Clouds\OneDrive\GitHub\-2015-Pwr-ZMPO1\Values\ValuesTests\ValuesTests.vcxproj" on node 2 (Build target(s)).
     1>ClCompile:
         C:\Program Files (x86)\Microsoft Visual Studio 14.0\VC\bin\CL.exe /c /I"D:\Clouds\OneDrive\GitHub\-2015-Pwr-ZMPO1\Values\ValuesLibrary" /I"C:\Program Files (x86)\Microsoft Visual Studio 14.0\VC\UnitTest\include" /ZI /nologo /W3 /WX- /Od /Oy- /D WIN32 /D _DEBUG /D _WINDLL /D _MBCS /Gm /EHsc /RTC1 /MDd /GS /fp:precise /Zc:wchar_t /Zc:forScope /Zc:inline /Yu"stdafx.h" /Fp"Debug\ValuesTests.pch" /Fo"Debug\\" /Fd"Debug\vc140.pdb" /Gd /TP /analyze- /FC /errorReport:prompt CAdd_Signed_Test.cpp CAdd_Unsigned_Tests.cpp CAlphabet_Tests.cpp CBinary_Test.cpp CDecimal_Test.cpp CIntegration_Test.cpp COperators_Positional_Test.cpp CPositional_Tests.cpp NUtils_Tests.cpp
         NUtils_Tests.cpp
     1>d:\clouds\onedrive\github\-2015-pwr-zmpo1\values\valueslibrary\positional.h(14): error C2504: 'IValue': base class undefined
     1>d:\clouds\onedrive\github\-2015-pwr-zmpo1\values\valueslibrary\positional.h(16): error C2143: syntax error: missing ';' before '*'
     1>d:\clouds\onedrive\github\-2015-pwr-zmpo1\values\valueslibrary\positional.h(16): error C4430: missing type specifier - int assumed. Note: C++ does not support default-int
     1>d:\clouds\onedrive\github\-2015-pwr-zmpo1\values\valueslibrary\positional.h(16): error C2238: unexpected token(s) preceding ';'
         CPositional_Tests.cpp
     1>d:\clouds\onedrive\github\-2015-pwr-zmpo1\values\valueslibrary\positional.h(14): error C2504: 'IValue': base class undefined
     1>d:\clouds\onedrive\github\-2015-pwr-zmpo1\values\valueslibrary\positional.h(16): error C2143: syntax error: missing ';' before '*'
     1>d:\clouds\onedrive\github\-2015-pwr-zmpo1\values\valueslibrary\positional.h(16): error C4430: missing type specifier - int assumed. Note: C++ does not support default-int
     1>d:\clouds\onedrive\github\-2015-pwr-zmpo1\values\valueslibrary\positional.h(16): error C2238: unexpected token(s) preceding ';'
     1>d:\clouds\onedrive\github\-2015-pwr-zmpo1\values\valuestests\cpositional_tests.cpp(21): error C2440: 'initializing': cannot convert from 'CPositional *' to 'IValue *'
         d:\clouds\onedrive\github\-2015-pwr-zmpo1\values\valuestests\cpositional_tests.cpp(21): note: Types pointed to are unrelated; conversion requires reinterpret_cast, C-style cast or function-style cast
     1>d:\clouds\onedrive\github\-2015-pwr-zmpo1\values\valuestests\cpositional_tests.cpp(45): error C2440: 'initializing': cannot convert from 'CPositional *' to 'IValue *'
         d:\clouds\onedrive\github\-2015-pwr-zmpo1\values\valuestests\cpositional_tests.cpp(45): note: Types pointed to are unrelated; conversion requires reinterpret_cast, C-style cast or function-style cast
     1>d:\clouds\onedrive\github\-2015-pwr-zmpo1\values\valuestests\cpositional_tests.cpp(69): error C2440: 'initializing': cannot convert from 'CPositional *' to 'IValue *'
         d:\clouds\onedrive\github\-2015-pwr-zmpo1\values\valuestests\cpositional_tests.cpp(69): note: Types pointed to are unrelated; conversion requires reinterpret_cast, C-style cast or function-style cast
     1>d:\clouds\onedrive\github\-2015-pwr-zmpo1\values\valuestests\cpositional_tests.cpp(93): error C2440: 'initializing': cannot convert from 'CPositional *' to 'IValue *'
         d:\clouds\onedrive\github\-2015-pwr-zmpo1\values\valuestests\cpositional_tests.cpp(93): note: Types pointed to are unrelated; conversion requires reinterpret_cast, C-style cast or function-style cast
         COperators_Positional_Test.cpp
     1>d:\clouds\onedrive\github\-2015-pwr-zmpo1\values\valueslibrary\positional.h(14): error C2504: 'IValue': base class undefined
     1>d:\clouds\onedrive\github\-2015-pwr-zmpo1\values\valueslibrary\positional.h(16): error C2143: syntax error: missing ';' before '*'
     1>d:\clouds\onedrive\github\-2015-pwr-zmpo1\values\valueslibrary\positional.h(16): error C4430: missing type specifier - int assumed. Note: C++ does not support default-int
     1>d:\clouds\onedrive\github\-2015-pwr-zmpo1\values\valueslibrary\positional.h(16): error C2238: unexpected token(s) preceding ';'
         CIntegration_Test.cpp
     1>d:\clouds\onedrive\github\-2015-pwr-zmpo1\values\valueslibrary\positional.h(14): error C2504: 'IValue': base class undefined
     1>d:\clouds\onedrive\github\-2015-pwr-zmpo1\values\valueslibrary\positional.h(16): error C2143: syntax error: missing ';' before '*'
     1>d:\clouds\onedrive\github\-2015-pwr-zmpo1\values\valueslibrary\positional.h(16): error C4430: missing type specifier - int assumed. Note: C++ does not support default-int
     1>d:\clouds\onedrive\github\-2015-pwr-zmpo1\values\valueslibrary\positional.h(16): error C2238: unexpected token(s) preceding ';'
         CDecimal_Test.cpp
     1>d:\clouds\onedrive\github\-2015-pwr-zmpo1\values\valueslibrary\positional.h(14): error C2504: 'IValue': base class undefined
     1>d:\clouds\onedrive\github\-2015-pwr-zmpo1\values\valueslibrary\positional.h(16): error C2143: syntax error: missing ';' before '*'
     1>d:\clouds\onedrive\github\-2015-pwr-zmpo1\values\valueslibrary\positional.h(16): error C4430: missing type specifier - int assumed. Note: C++ does not support default-int
     1>d:\clouds\onedrive\github\-2015-pwr-zmpo1\values\valueslibrary\positional.h(16): error C2238: unexpected token(s) preceding ';'
         CBinary_Test.cpp
     1>d:\clouds\onedrive\github\-2015-pwr-zmpo1\values\valueslibrary\positional.h(14): error C2504: 'IValue': base class undefined
     1>d:\clouds\onedrive\github\-2015-pwr-zmpo1\values\valueslibrary\positional.h(16): error C2143: syntax error: missing ';' before '*'
     1>d:\clouds\onedrive\github\-2015-pwr-zmpo1\values\valueslibrary\positional.h(16): error C4430: missing type specifier - int assumed. Note: C++ does not support default-int
     1>d:\clouds\onedrive\github\-2015-pwr-zmpo1\values\valueslibrary\positional.h(16): error C2238: unexpected token(s) preceding ';'
     1>d:\clouds\onedrive\github\-2015-pwr-zmpo1\values\valuestests\cbinary_test.cpp(20): error C2440: 'initializing': cannot convert from 'CBinary *' to 'IValue *'
         d:\clouds\onedrive\github\-2015-pwr-zmpo1\values\valuestests\cbinary_test.cpp(20): note: Types pointed to are unrelated; conversion requires reinterpret_cast, C-style cast or function-style cast
     1>d:\clouds\onedrive\github\-2015-pwr-zmpo1\values\valuestests\cbinary_test.cpp(44): error C2440: 'initializing': cannot convert from 'CBinary *' to 'IValue *'
         d:\clouds\onedrive\github\-2015-pwr-zmpo1\values\valuestests\cbinary_test.cpp(44): note: Types pointed to are unrelated; conversion requires reinterpret_cast, C-style cast or function-style cast
     1>d:\clouds\onedrive\github\-2015-pwr-zmpo1\values\valuestests\cbinary_test.cpp(67): error C2440: 'initializing': cannot convert from 'CBinary *' to 'IValue *'
         d:\clouds\onedrive\github\-2015-pwr-zmpo1\values\valuestests\cbinary_test.cpp(67): note: Types pointed to are unrelated; conversion requires reinterpret_cast, C-style cast or function-style cast
         CAlphabet_Tests.cpp
     1>d:\clouds\onedrive\github\-2015-pwr-zmpo1\values\valueslibrary\positional.h(14): error C2504: 'IValue': base class undefined
     1>d:\clouds\onedrive\github\-2015-pwr-zmpo1\values\valueslibrary\positional.h(16): error C2143: syntax error: missing ';' before '*'
     1>d:\clouds\onedrive\github\-2015-pwr-zmpo1\values\valueslibrary\positional.h(16): error C4430: missing type specifier - int assumed. Note: C++ does not support default-int
     1>d:\clouds\onedrive\github\-2015-pwr-zmpo1\values\valueslibrary\positional.h(16): error C2238: unexpected token(s) preceding ';'
         CAdd_Unsigned_Tests.cpp
     1>d:\clouds\onedrive\github\-2015-pwr-zmpo1\values\valueslibrary\positional.h(14): error C2504: 'IValue': base class undefined
     1>d:\clouds\onedrive\github\-2015-pwr-zmpo1\values\valueslibrary\positional.h(16): error C2143: syntax error: missing ';' before '*'
     1>d:\clouds\onedrive\github\-2015-pwr-zmpo1\values\valueslibrary\positional.h(16): error C4430: missing type specifier - int assumed. Note: C++ does not support default-int
     1>d:\clouds\onedrive\github\-2015-pwr-zmpo1\values\valueslibrary\positional.h(16): error C2238: unexpected token(s) preceding ';'
     1>d:\clouds\onedrive\github\-2015-pwr-zmpo1\values\valuestests\cadd_unsigned_tests.cpp(35): error C2039: 'GetVal': is not a member of 'CPositional'
         d:\clouds\onedrive\github\-2015-pwr-zmpo1\values\valueslibrary\positional.h(12): note: see declaration of 'CPositional'
     1>d:\clouds\onedrive\github\-2015-pwr-zmpo1\values\valuestests\cadd_unsigned_tests.cpp(63): error C2039: 'GetVal': is not a member of 'CPositional'
         d:\clouds\onedrive\github\-2015-pwr-zmpo1\values\valueslibrary\positional.h(12): note: see declaration of 'CPositional'
     1>d:\clouds\onedrive\github\-2015-pwr-zmpo1\values\valuestests\cadd_unsigned_tests.cpp(91): error C2039: 'GetVal': is not a member of 'CPositional'
         d:\clouds\onedrive\github\-2015-pwr-zmpo1\values\valueslibrary\positional.h(12): note: see declaration of 'CPositional'
         CAdd_Signed_Test.cpp
     1>d:\clouds\onedrive\github\-2015-pwr-zmpo1\values\valueslibrary\positional.h(14): error C2504: 'IValue': base class undefined
     1>d:\clouds\onedrive\github\-2015-pwr-zmpo1\values\valueslibrary\positional.h(16): error C2143: syntax error: missing ';' before '*'
     1>d:\clouds\onedrive\github\-2015-pwr-zmpo1\values\valueslibrary\positional.h(16): error C4430: missing type specifier - int assumed. Note: C++ does not support default-int
     1>d:\clouds\onedrive\github\-2015-pwr-zmpo1\values\valueslibrary\positional.h(16): error C2238: unexpected token(s) preceding ';'
         Generating Code...
     1>Done Building Project "D:\Clouds\OneDrive\GitHub\-2015-Pwr-ZMPO1\Values\ValuesTests\ValuesTests.vcxproj" (Build target(s)) -- FAILED.

Build FAILED.

Time Elapsed 00:00:04.18
