Build started 12/14/2015 4:48:53 PM.
     1>Project "D:\Clouds\OneDrive\GitHub\-2015-Pwr-ZMPO1\Values\ValuesLibrary\ValuesLibrary.vcxproj" on node 2 (Build target(s)).
     1>ClCompile:
         C:\Program Files (x86)\Microsoft Visual Studio 14.0\VC\bin\CL.exe /c /ZI /nologo /W3 /WX- /Od /Oy- /D WIN32 /D _DEBUG /D _LIB /D _UNICODE /D UNICODE /Gm /EHsc /RTC1 /MDd /GS /fp:precise /Zc:wchar_t /Zc:forScope /Zc:inline /Yu"stdafx.h" /Fp"Debug\ValuesLibrary.pch" /Fo"Debug\\" /Fd"Debug\ValuesLibrary.pdb" /Gd /TP /analyze- /errorReport:prompt Add.cpp Alphabet.cpp Binary.cpp BinaryDecimal.cpp IValue.cpp NUtils.cpp Positional.cpp
         Positional.cpp
     1>d:\clouds\onedrive\github\-2015-pwr-zmpo1\values\valueslibrary\ivalue.h(29): error C2061: syntax error: identifier 'CPositional'
         NUtils.cpp
     1>d:\clouds\onedrive\github\-2015-pwr-zmpo1\values\valueslibrary\alphabet.h(10): error C2504: 'IValue': base class undefined
     1>d:\clouds\onedrive\github\-2015-pwr-zmpo1\values\valueslibrary\alphabet.h(12): error C2143: syntax error: missing ';' before '<'
     1>d:\clouds\onedrive\github\-2015-pwr-zmpo1\values\valueslibrary\alphabet.h(12): error C4430: missing type specifier - int assumed. Note: C++ does not support default-int
     1>d:\clouds\onedrive\github\-2015-pwr-zmpo1\values\valueslibrary\alphabet.h(12): error C2238: unexpected token(s) preceding ';'
     1>d:\clouds\onedrive\github\-2015-pwr-zmpo1\values\valueslibrary\alphabet.h(15): error C4430: missing type specifier - int assumed. Note: C++ does not support default-int
     1>d:\clouds\onedrive\github\-2015-pwr-zmpo1\values\valueslibrary\alphabet.h(15): error C2143: syntax error: missing ',' before '&'
     1>d:\clouds\onedrive\github\-2015-pwr-zmpo1\values\valueslibrary\positional.h(14): error C2504: 'IValue': base class undefined
     1>d:\clouds\onedrive\github\-2015-pwr-zmpo1\values\valueslibrary\positional.h(17): error C2143: syntax error: missing ';' before '<'
     1>d:\clouds\onedrive\github\-2015-pwr-zmpo1\values\valueslibrary\positional.h(17): error C4430: missing type specifier - int assumed. Note: C++ does not support default-int
     1>d:\clouds\onedrive\github\-2015-pwr-zmpo1\values\valueslibrary\positional.h(17): error C2238: unexpected token(s) preceding ';'
     1>d:\clouds\onedrive\github\-2015-pwr-zmpo1\values\valueslibrary\positional.h(21): error C4430: missing type specifier - int assumed. Note: C++ does not support default-int
     1>d:\clouds\onedrive\github\-2015-pwr-zmpo1\values\valueslibrary\positional.h(21): error C2143: syntax error: missing ',' before '&'
         IValue.cpp
     1>d:\clouds\onedrive\github\-2015-pwr-zmpo1\values\valueslibrary\alphabet.h(10): error C2504: 'IValue': base class undefined
     1>d:\clouds\onedrive\github\-2015-pwr-zmpo1\values\valueslibrary\positional.h(14): error C2504: 'IValue': base class undefined
     1>d:\clouds\onedrive\github\-2015-pwr-zmpo1\values\valueslibrary\ivalue.cpp(6): error C2572: 'IValue::IValue': redefinition of default argument: parameter 1
         d:\clouds\onedrive\github\-2015-pwr-zmpo1\values\valueslibrary\ivalue.h(21): note: see declaration of 'IValue::IValue'
     1>d:\clouds\onedrive\github\-2015-pwr-zmpo1\values\valueslibrary\ivalue.cpp(6): error C2572: 'IValue::IValue': redefinition of default argument: parameter 2
         d:\clouds\onedrive\github\-2015-pwr-zmpo1\values\valueslibrary\ivalue.h(21): note: see declaration of 'IValue::IValue'
     1>d:\clouds\onedrive\github\-2015-pwr-zmpo1\values\valueslibrary\ivalue.cpp(46): error C2039: 'GetVal': is not a member of 'CPositional'
         d:\clouds\onedrive\github\-2015-pwr-zmpo1\values\valueslibrary\positional.h(12): note: see declaration of 'CPositional'
     1>d:\clouds\onedrive\github\-2015-pwr-zmpo1\values\valueslibrary\ivalue.cpp(46): error C2227: left of '->size' must point to class/struct/union/generic type
         d:\clouds\onedrive\github\-2015-pwr-zmpo1\values\valueslibrary\positional.h(12): note: see declaration of 'CPositional'
     1>d:\clouds\onedrive\github\-2015-pwr-zmpo1\values\valueslibrary\ivalue.cpp(50): error C2039: 'GetVal': is not a member of 'CPositional'
         d:\clouds\onedrive\github\-2015-pwr-zmpo1\values\valueslibrary\positional.h(12): note: see declaration of 'CPositional'
     1>d:\clouds\onedrive\github\-2015-pwr-zmpo1\values\valueslibrary\ivalue.cpp(50): error C2227: left of '->size' must point to class/struct/union/generic type
     1>d:\clouds\onedrive\github\-2015-pwr-zmpo1\values\valueslibrary\ivalue.cpp(51): error C2039: 'GetVal': is not a member of 'CPositional'
         d:\clouds\onedrive\github\-2015-pwr-zmpo1\values\valueslibrary\positional.h(12): note: see declaration of 'CPositional'
     1>d:\clouds\onedrive\github\-2015-pwr-zmpo1\values\valueslibrary\ivalue.cpp(51): error C2227: left of '->size' must point to class/struct/union/generic type
     1>d:\clouds\onedrive\github\-2015-pwr-zmpo1\values\valueslibrary\ivalue.cpp(55): error C2039: 'GetVal': is not a member of 'CPositional'
         d:\clouds\onedrive\github\-2015-pwr-zmpo1\values\valueslibrary\positional.h(12): note: see declaration of 'CPositional'
     1>d:\clouds\onedrive\github\-2015-pwr-zmpo1\values\valueslibrary\ivalue.cpp(55): error C2227: left of '->size' must point to class/struct/union/generic type
     1>d:\clouds\onedrive\github\-2015-pwr-zmpo1\values\valueslibrary\ivalue.cpp(56): error C2039: 'GetVal': is not a member of 'CPositional'
         d:\clouds\onedrive\github\-2015-pwr-zmpo1\values\valueslibrary\positional.h(12): note: see declaration of 'CPositional'
     1>d:\clouds\onedrive\github\-2015-pwr-zmpo1\values\valueslibrary\ivalue.cpp(56): error C2227: left of '->size' must point to class/struct/union/generic type
     1>d:\clouds\onedrive\github\-2015-pwr-zmpo1\values\valueslibrary\ivalue.cpp(60): error C2039: 'GetVal': is not a member of 'CPositional'
         d:\clouds\onedrive\github\-2015-pwr-zmpo1\values\valueslibrary\positional.h(12): note: see declaration of 'CPositional'
     1>d:\clouds\onedrive\github\-2015-pwr-zmpo1\values\valueslibrary\ivalue.cpp(60): error C2227: left of '->size' must point to class/struct/union/generic type
     1>d:\clouds\onedrive\github\-2015-pwr-zmpo1\values\valueslibrary\ivalue.cpp(61): error C2039: 'GetVal': is not a member of 'CPositional'
         d:\clouds\onedrive\github\-2015-pwr-zmpo1\values\valueslibrary\positional.h(12): note: see declaration of 'CPositional'
     1>d:\clouds\onedrive\github\-2015-pwr-zmpo1\values\valueslibrary\ivalue.cpp(61): error C2227: left of '->size' must point to class/struct/union/generic type
     1>d:\clouds\onedrive\github\-2015-pwr-zmpo1\values\valueslibrary\ivalue.cpp(64): error C2039: 'GetVal': is not a member of 'CPositional'
         d:\clouds\onedrive\github\-2015-pwr-zmpo1\values\valueslibrary\positional.h(12): note: see declaration of 'CPositional'
     1>d:\clouds\onedrive\github\-2015-pwr-zmpo1\values\valueslibrary\ivalue.cpp(64): error C2227: left of '->rbegin' must point to class/struct/union/generic type
         d:\clouds\onedrive\github\-2015-pwr-zmpo1\values\valueslibrary\positional.h(12): note: see declaration of 'CPositional'
     1>d:\clouds\onedrive\github\-2015-pwr-zmpo1\values\valueslibrary\ivalue.cpp(64): error C2227: left of '->rend' must point to class/struct/union/generic type
     1>d:\clouds\onedrive\github\-2015-pwr-zmpo1\values\valueslibrary\ivalue.cpp(64): error C2780: '_OutTy *std::transform(_InIt1,_InIt1,_InTy (&)[_InSize],_OutTy (&)[_OutSize],_Fn2)': expects 5 arguments - 3 provided
         c:\program files (x86)\microsoft visual studio 14.0\vc\include\algorithm(1259): note: see declaration of 'std::transform'
     1>d:\clouds\onedrive\github\-2015-pwr-zmpo1\values\valueslibrary\ivalue.cpp(64): error C2780: '_OutTy *std::transform(_InIt1,_InIt1,_InIt2,_OutTy (&)[_OutSize],_Fn2)': expects 5 arguments - 3 provided
         c:\program files (x86)\microsoft visual studio 14.0\vc\include\algorithm(1245): note: see declaration of 'std::transform'
     1>d:\clouds\onedrive\github\-2015-pwr-zmpo1\values\valueslibrary\ivalue.cpp(64): error C2780: '_OutIt std::transform(_InIt1,_InIt1,_InTy (&)[_InSize],_OutIt,_Fn2)': expects 5 arguments - 3 provided
         c:\program files (x86)\microsoft visual studio 14.0\vc\include\algorithm(1233): note: see declaration of 'std::transform'
     1>d:\clouds\onedrive\github\-2015-pwr-zmpo1\values\valueslibrary\ivalue.cpp(64): error C2780: '_OutIt std::transform(_InIt1,_InIt1,_InIt2,_OutIt,_Fn2)': expects 5 arguments - 3 provided
         c:\program files (x86)\microsoft visual studio 14.0\vc\include\algorithm(1216): note: see declaration of 'std::transform'
     1>d:\clouds\onedrive\github\-2015-pwr-zmpo1\values\valueslibrary\ivalue.cpp(64): error C2780: '_OutTy *std::transform(_InIt,_InIt,_OutTy (&)[_OutSize],_Fn1)': expects 4 arguments - 3 provided
         c:\program files (x86)\microsoft visual studio 14.0\vc\include\algorithm(1095): note: see declaration of 'std::transform'
     1>d:\clouds\onedrive\github\-2015-pwr-zmpo1\values\valueslibrary\ivalue.cpp(64): error C2780: '_OutIt std::transform(_InIt,_InIt,_OutIt,_Fn1)': expects 4 arguments - 3 provided
         c:\program files (x86)\microsoft visual studio 14.0\vc\include\algorithm(1081): note: see declaration of 'std::transform'
     1>d:\clouds\onedrive\github\-2015-pwr-zmpo1\values\valueslibrary\ivalue.cpp(65): error C2039: 'GetVal': is not a member of 'CPositional'
         d:\clouds\onedrive\github\-2015-pwr-zmpo1\values\valueslibrary\positional.h(12): note: see declaration of 'CPositional'
     1>d:\clouds\onedrive\github\-2015-pwr-zmpo1\values\valueslibrary\ivalue.cpp(65): error C2227: left of '->rbegin' must point to class/struct/union/generic type
         d:\clouds\onedrive\github\-2015-pwr-zmpo1\values\valueslibrary\positional.h(12): note: see declaration of 'CPositional'
     1>d:\clouds\onedrive\github\-2015-pwr-zmpo1\values\valueslibrary\ivalue.cpp(65): error C2227: left of '->rend' must point to class/struct/union/generic type
     1>d:\clouds\onedrive\github\-2015-pwr-zmpo1\values\valueslibrary\ivalue.cpp(65): error C2780: '_OutTy *std::transform(_InIt1,_InIt1,_InTy (&)[_InSize],_OutTy (&)[_OutSize],_Fn2)': expects 5 arguments - 3 provided
         c:\program files (x86)\microsoft visual studio 14.0\vc\include\algorithm(1259): note: see declaration of 'std::transform'
     1>d:\clouds\onedrive\github\-2015-pwr-zmpo1\values\valueslibrary\ivalue.cpp(65): error C2780: '_OutTy *std::transform(_InIt1,_InIt1,_InIt2,_OutTy (&)[_OutSize],_Fn2)': expects 5 arguments - 3 provided
         c:\program files (x86)\microsoft visual studio 14.0\vc\include\algorithm(1245): note: see declaration of 'std::transform'
     1>d:\clouds\onedrive\github\-2015-pwr-zmpo1\values\valueslibrary\ivalue.cpp(65): error C2780: '_OutIt std::transform(_InIt1,_InIt1,_InTy (&)[_InSize],_OutIt,_Fn2)': expects 5 arguments - 3 provided
         c:\program files (x86)\microsoft visual studio 14.0\vc\include\algorithm(1233): note: see declaration of 'std::transform'
     1>d:\clouds\onedrive\github\-2015-pwr-zmpo1\values\valueslibrary\ivalue.cpp(65): error C2780: '_OutIt std::transform(_InIt1,_InIt1,_InIt2,_OutIt,_Fn2)': expects 5 arguments - 3 provided
         c:\program files (x86)\microsoft visual studio 14.0\vc\include\algorithm(1216): note: see declaration of 'std::transform'
     1>d:\clouds\onedrive\github\-2015-pwr-zmpo1\values\valueslibrary\ivalue.cpp(65): error C2780: '_OutTy *std::transform(_InIt,_InIt,_OutTy (&)[_OutSize],_Fn1)': expects 4 arguments - 3 provided
         c:\program files (x86)\microsoft visual studio 14.0\vc\include\algorithm(1095): note: see declaration of 'std::transform'
     1>d:\clouds\onedrive\github\-2015-pwr-zmpo1\values\valueslibrary\ivalue.cpp(65): error C2780: '_OutIt std::transform(_InIt,_InIt,_OutIt,_Fn1)': expects 4 arguments - 3 provided
         c:\program files (x86)\microsoft visual studio 14.0\vc\include\algorithm(1081): note: see declaration of 'std::transform'
         BinaryDecimal.cpp
     1>d:\clouds\onedrive\github\-2015-pwr-zmpo1\values\valueslibrary\ivalue.h(29): error C2061: syntax error: identifier 'CPositional'
         Binary.cpp
     1>d:\clouds\onedrive\github\-2015-pwr-zmpo1\values\valueslibrary\ivalue.h(29): error C2061: syntax error: identifier 'CPositional'
         Alphabet.cpp
     1>d:\clouds\onedrive\github\-2015-pwr-zmpo1\values\valueslibrary\positional.h(14): error C2504: 'IValue': base class undefined
     1>d:\clouds\onedrive\github\-2015-pwr-zmpo1\values\valueslibrary\positional.h(16): error C2143: syntax error: missing ';' before '*'
     1>d:\clouds\onedrive\github\-2015-pwr-zmpo1\values\valueslibrary\positional.h(16): error C4430: missing type specifier - int assumed. Note: C++ does not support default-int
     1>d:\clouds\onedrive\github\-2015-pwr-zmpo1\values\valueslibrary\positional.h(16): error C2238: unexpected token(s) preceding ';'
     1>d:\clouds\onedrive\github\-2015-pwr-zmpo1\values\valueslibrary\alphabet.cpp(7): error C2572: 'CAlphabet::CAlphabet': redefinition of default argument: parameter 1
         d:\clouds\onedrive\github\-2015-pwr-zmpo1\values\valueslibrary\alphabet.h(15): note: see declaration of 'CAlphabet::CAlphabet'
     1>d:\clouds\onedrive\github\-2015-pwr-zmpo1\values\valueslibrary\alphabet.cpp(7): error C2572: 'CAlphabet::CAlphabet': redefinition of default argument: parameter 2
         d:\clouds\onedrive\github\-2015-pwr-zmpo1\values\valueslibrary\alphabet.h(15): note: see declaration of 'CAlphabet::CAlphabet'
         Add.cpp
     1>d:\clouds\onedrive\github\-2015-pwr-zmpo1\values\valueslibrary\ivalue.h(29): error C2061: syntax error: identifier 'CPositional'
     1>d:\clouds\onedrive\github\-2015-pwr-zmpo1\values\valueslibrary\add.cpp(11): error C2660: 'IValue::allign': function does not take 2 arguments
     1>d:\clouds\onedrive\github\-2015-pwr-zmpo1\values\valueslibrary\add.cpp(11): error C2227: left of '->at' must point to class/struct/union/generic type
     1>d:\clouds\onedrive\github\-2015-pwr-zmpo1\values\valueslibrary\add.cpp(12): error C2660: 'IValue::allign': function does not take 2 arguments
     1>d:\clouds\onedrive\github\-2015-pwr-zmpo1\values\valueslibrary\add.cpp(12): error C2227: left of '->at' must point to class/struct/union/generic type
         Generating Code...
     1>Done Building Project "D:\Clouds\OneDrive\GitHub\-2015-Pwr-ZMPO1\Values\ValuesLibrary\ValuesLibrary.vcxproj" (Build target(s)) -- FAILED.

Build FAILED.

Time Elapsed 00:00:02.43
